<?xml version="1.0" encoding="UTF-8"?>
<testsuite xmlns:xsi="http://www.w3.org/2001/XMLSchema-instance" xsi:noNamespaceSchemaLocation="https://maven.apache.org/surefire/maven-surefire-plugin/xsd/surefire-test-report-3.0.xsd" version="3.0" name="squash.tfauto.CalculatorTest" time="0.013" tests="4" errors="0" skipped="0" failures="2">
  <properties>
[...]
</properties>
  <testcase name="multDNFailure" classname="squash.tfauto.CalculatorTest" time="0.001">
    <failure type="org.opentest4j.AssertionFailedError"><![CDATA[org.opentest4j.AssertionFailedError: Le résultat du calcul est incorrect. 2 * 4 n'est pas égal à 6 ==> expected: <true> but was: <false>
	at squash.tfauto.CalculatorTest.multDNFailure(CalculatorTest.java:34)
]]></failure>
  </testcase>
  <testcase name="multFailure" classname="squash.tfauto.CalculatorTest" time="0.002">
    <failure type="org.opentest4j.AssertionFailedError"><![CDATA[org.opentest4j.AssertionFailedError: Le résultat du calcul est incorrect. 2 * 4 n'est pas égal à 6 ==> expected: <true> but was: <false>
	at squash.tfauto.CalculatorTest.multFailure(CalculatorTest.java:27)
]]></failure>
  </testcase>
  <testcase name="addSuccess" classname="squash.tfauto.CalculatorTest" time="0.001"/>
  <testcase name="addDNSuccess" classname="squash.tfauto.CalculatorTest" time="0.002"/>
</testsuite>