<?xml version="1.0" encoding="UTF-8"?>
<testsuite name="OpenWeatherTest.ForecastSuite" tests="2" failures="1" errors="0" time="0.529"><properties>
[...]
</properties><testcase name="ForecastSuccess" time="0.506"/><testcase name="MunchenForecastAssertError" time="0.023"><failure type="Cancelling due to failed test step" message="Cancelling due to failed test step"><![CDATA[<h3><b>GetMunchenForecast Failed</b></h3><pre>[CheckPopulation] Comparison failed for path [$..population], expecting [[9300]], actual was [[0]]
</pre><hr/>]]></failure></testcase></testsuite>